
AVRASM ver. 2.1.30  D:\6492_2\lab6\Debug\List\lab6.asm Thu Oct 17 15:21:36 2019

                 
                 
                 ;CodeVisionAVR C Compiler V3.12 Advanced
                 ;(C) Copyright 1998-2014 Pavel Haiduc, HP InfoTech s.r.l.
                 ;http://www.hpinfotech.com
                 
                 ;Build configuration    : Debug
                 ;Chip type              : ATmega128A
                 ;Program type           : Application
                 ;Clock frequency        : 11,052900 MHz
                 ;Memory model           : Small
                 ;Optimize for           : Size
                 ;(s)printf features     : int, width
                 ;(s)scanf features      : int, width
                 ;External RAM size      : 0
                 ;Data Stack size        : 1024 byte(s)
                 ;Heap size              : 0 byte(s)
                 ;Promote 'char' to 'int': Yes
                 ;'char' is unsigned     : Yes
                 ;8 bit enums            : Yes
                 ;Global 'const' stored in FLASH: No
                 ;Enhanced function parameter passing: Yes
                 ;Enhanced core instructions: On
                 ;Automatic register allocation for global variables: On
                 ;Smart register allocation: On
                 
                 	#define _MODEL_SMALL_
                 
                 	#pragma AVRPART ADMIN PART_NAME ATmega128A
                 	#pragma AVRPART MEMORY PROG_FLASH 131072
                 	#pragma AVRPART MEMORY EEPROM 4096
                 	#pragma AVRPART MEMORY INT_SRAM SIZE 4096
                 	#pragma AVRPART MEMORY INT_SRAM START_ADDR 0x100
                 
                 	#define CALL_SUPPORTED 1
                 
                 	.LISTMAC
                 	.EQU UDRE=0x5
                 	.EQU RXC=0x7
                 	.EQU USR=0xB
                 	.EQU UDR=0xC
                 	.EQU SPSR=0xE
                 	.EQU SPDR=0xF
                 	.EQU EERE=0x0
                 	.EQU EEWE=0x1
                 	.EQU EEMWE=0x2
                 	.EQU EECR=0x1C
                 	.EQU EEDR=0x1D
                 	.EQU EEARL=0x1E
                 	.EQU EEARH=0x1F
                 	.EQU WDTCR=0x21
                 	.EQU MCUCR=0x35
                 	.EQU RAMPZ=0x3B
                 	.EQU SPL=0x3D
                 	.EQU SPH=0x3E
                 	.EQU SREG=0x3F
                 	.EQU XMCRA=0x6D
                 	.EQU XMCRB=0x6C
                 
                 	.DEF R0X0=R0
                 	.DEF R0X1=R1
                 	.DEF R0X2=R2
                 	.DEF R0X3=R3
                 	.DEF R0X4=R4
                 	.DEF R0X5=R5
                 	.DEF R0X6=R6
                 	.DEF R0X7=R7
                 	.DEF R0X8=R8
                 	.DEF R0X9=R9
                 	.DEF R0XA=R10
                 	.DEF R0XB=R11
                 	.DEF R0XC=R12
                 	.DEF R0XD=R13
                 	.DEF R0XE=R14
                 	.DEF R0XF=R15
                 	.DEF R0X10=R16
                 	.DEF R0X11=R17
                 	.DEF R0X12=R18
                 	.DEF R0X13=R19
                 	.DEF R0X14=R20
                 	.DEF R0X15=R21
                 	.DEF R0X16=R22
                 	.DEF R0X17=R23
                 	.DEF R0X18=R24
                 	.DEF R0X19=R25
                 	.DEF R0X1A=R26
                 	.DEF R0X1B=R27
                 	.DEF R0X1C=R28
                 	.DEF R0X1D=R29
                 	.DEF R0X1E=R30
                 	.DEF R0X1F=R31
                 
                 	.EQU __SRAM_START=0x0100
                 	.EQU __SRAM_END=0x10FF
                 	.EQU __DSTACK_SIZE=0x0400
                 	.EQU __HEAP_SIZE=0x0000
                 	.EQU __CLEAR_SRAM_SIZE=__SRAM_END-__SRAM_START+1
                 
                 	.MACRO __CPD1N
                 	CPI  R30,LOW(@0)
                 	LDI  R26,HIGH(@0)
                 	CPC  R31,R26
                 	LDI  R26,BYTE3(@0)
                 	CPC  R22,R26
                 	LDI  R26,BYTE4(@0)
                 	CPC  R23,R26
                 	.ENDM
                 
                 	.MACRO __CPD2N
                 	CPI  R26,LOW(@0)
                 	LDI  R30,HIGH(@0)
                 	CPC  R27,R30
                 	LDI  R30,BYTE3(@0)
                 	CPC  R24,R30
                 	LDI  R30,BYTE4(@0)
                 	CPC  R25,R30
                 	.ENDM
                 
                 	.MACRO __CPWRR
                 	CP   R@0,R@2
                 	CPC  R@1,R@3
                 	.ENDM
                 
                 	.MACRO __CPWRN
                 	CPI  R@0,LOW(@2)
                 	LDI  R30,HIGH(@2)
                 	CPC  R@1,R30
                 	.ENDM
                 
                 	.MACRO __ADDB1MN
                 	SUBI R30,LOW(-@0-(@1))
                 	.ENDM
                 
                 	.MACRO __ADDB2MN
                 	SUBI R26,LOW(-@0-(@1))
                 	.ENDM
                 
                 	.MACRO __ADDW1MN
                 	SUBI R30,LOW(-@0-(@1))
                 	SBCI R31,HIGH(-@0-(@1))
                 	.ENDM
                 
                 	.MACRO __ADDW2MN
                 	SUBI R26,LOW(-@0-(@1))
                 	SBCI R27,HIGH(-@0-(@1))
                 	.ENDM
                 
                 	.MACRO __ADDW1FN
                 	SUBI R30,LOW(-2*@0-(@1))
                 	SBCI R31,HIGH(-2*@0-(@1))
                 	.ENDM
                 
                 	.MACRO __ADDD1FN
                 	SUBI R30,LOW(-2*@0-(@1))
                 	SBCI R31,HIGH(-2*@0-(@1))
                 	SBCI R22,BYTE3(-2*@0-(@1))
                 	.ENDM
                 
                 	.MACRO __ADDD1N
                 	SUBI R30,LOW(-@0)
                 	SBCI R31,HIGH(-@0)
                 	SBCI R22,BYTE3(-@0)
                 	SBCI R23,BYTE4(-@0)
                 	.ENDM
                 
                 	.MACRO __ADDD2N
                 	SUBI R26,LOW(-@0)
                 	SBCI R27,HIGH(-@0)
                 	SBCI R24,BYTE3(-@0)
                 	SBCI R25,BYTE4(-@0)
                 	.ENDM
                 
                 	.MACRO __SUBD1N
                 	SUBI R30,LOW(@0)
                 	SBCI R31,HIGH(@0)
                 	SBCI R22,BYTE3(@0)
                 	SBCI R23,BYTE4(@0)
                 	.ENDM
                 
                 	.MACRO __SUBD2N
                 	SUBI R26,LOW(@0)
                 	SBCI R27,HIGH(@0)
                 	SBCI R24,BYTE3(@0)
                 	SBCI R25,BYTE4(@0)
                 	.ENDM
                 
                 	.MACRO __ANDBMNN
                 	LDS  R30,@0+(@1)
                 	ANDI R30,LOW(@2)
                 	STS  @0+(@1),R30
                 	.ENDM
                 
                 	.MACRO __ANDWMNN
                 	LDS  R30,@0+(@1)
                 	ANDI R30,LOW(@2)
                 	STS  @0+(@1),R30
                 	LDS  R30,@0+(@1)+1
                 	ANDI R30,HIGH(@2)
                 	STS  @0+(@1)+1,R30
                 	.ENDM
                 
                 	.MACRO __ANDD1N
                 	ANDI R30,LOW(@0)
                 	ANDI R31,HIGH(@0)
                 	ANDI R22,BYTE3(@0)
                 	ANDI R23,BYTE4(@0)
                 	.ENDM
                 
                 	.MACRO __ANDD2N
                 	ANDI R26,LOW(@0)
                 	ANDI R27,HIGH(@0)
                 	ANDI R24,BYTE3(@0)
                 	ANDI R25,BYTE4(@0)
                 	.ENDM
                 
                 	.MACRO __ORBMNN
                 	LDS  R30,@0+(@1)
                 	ORI  R30,LOW(@2)
                 	STS  @0+(@1),R30
                 	.ENDM
                 
                 	.MACRO __ORWMNN
                 	LDS  R30,@0+(@1)
                 	ORI  R30,LOW(@2)
                 	STS  @0+(@1),R30
                 	LDS  R30,@0+(@1)+1
                 	ORI  R30,HIGH(@2)
                 	STS  @0+(@1)+1,R30
                 	.ENDM
                 
                 	.MACRO __ORD1N
                 	ORI  R30,LOW(@0)
                 	ORI  R31,HIGH(@0)
                 	ORI  R22,BYTE3(@0)
                 	ORI  R23,BYTE4(@0)
                 	.ENDM
                 
                 	.MACRO __ORD2N
                 	ORI  R26,LOW(@0)
                 	ORI  R27,HIGH(@0)
                 	ORI  R24,BYTE3(@0)
                 	ORI  R25,BYTE4(@0)
                 	.ENDM
                 
                 	.MACRO __DELAY_USB
                 	LDI  R24,LOW(@0)
                 __DELAY_USB_LOOP:
                 	DEC  R24
                 	BRNE __DELAY_USB_LOOP
                 	.ENDM
                 
                 	.MACRO __DELAY_USW
                 	LDI  R24,LOW(@0)
                 	LDI  R25,HIGH(@0)
                 __DELAY_USW_LOOP:
                 	SBIW R24,1
                 	BRNE __DELAY_USW_LOOP
                 	.ENDM
                 
                 	.MACRO __GETD1S
                 	LDD  R30,Y+@0
                 	LDD  R31,Y+@0+1
                 	LDD  R22,Y+@0+2
                 	LDD  R23,Y+@0+3
                 	.ENDM
                 
                 	.MACRO __GETD2S
                 	LDD  R26,Y+@0
                 	LDD  R27,Y+@0+1
                 	LDD  R24,Y+@0+2
                 	LDD  R25,Y+@0+3
                 	.ENDM
                 
                 	.MACRO __PUTD1S
                 	STD  Y+@0,R30
                 	STD  Y+@0+1,R31
                 	STD  Y+@0+2,R22
                 	STD  Y+@0+3,R23
                 	.ENDM
                 
                 	.MACRO __PUTD2S
                 	STD  Y+@0,R26
                 	STD  Y+@0+1,R27
                 	STD  Y+@0+2,R24
                 	STD  Y+@0+3,R25
                 	.ENDM
                 
                 	.MACRO __PUTDZ2
                 	STD  Z+@0,R26
                 	STD  Z+@0+1,R27
                 	STD  Z+@0+2,R24
                 	STD  Z+@0+3,R25
                 	.ENDM
                 
                 	.MACRO __CLRD1S
                 	STD  Y+@0,R30
                 	STD  Y+@0+1,R30
                 	STD  Y+@0+2,R30
                 	STD  Y+@0+3,R30
                 	.ENDM
                 
                 	.MACRO __POINTB1MN
                 	LDI  R30,LOW(@0+(@1))
                 	.ENDM
                 
                 	.MACRO __POINTW1MN
                 	LDI  R30,LOW(@0+(@1))
                 	LDI  R31,HIGH(@0+(@1))
                 	.ENDM
                 
                 	.MACRO __POINTD1M
                 	LDI  R30,LOW(@0)
                 	LDI  R31,HIGH(@0)
                 	LDI  R22,BYTE3(@0)
                 	LDI  R23,BYTE4(@0)
                 	.ENDM
                 
                 	.MACRO __POINTW1FN
                 	LDI  R30,LOW(2*@0+(@1))
                 	LDI  R31,HIGH(2*@0+(@1))
                 	.ENDM
                 
                 	.MACRO __POINTD1FN
                 	LDI  R30,LOW(2*@0+(@1))
                 	LDI  R31,HIGH(2*@0+(@1))
                 	LDI  R22,BYTE3(2*@0+(@1))
                 	LDI  R23,BYTE4(2*@0+(@1))
                 	.ENDM
                 
                 	.MACRO __POINTB2MN
                 	LDI  R26,LOW(@0+(@1))
                 	.ENDM
                 
                 	.MACRO __POINTW2MN
                 	LDI  R26,LOW(@0+(@1))
                 	LDI  R27,HIGH(@0+(@1))
                 	.ENDM
                 
                 	.MACRO __POINTW2FN
                 	LDI  R26,LOW(2*@0+(@1))
                 	LDI  R27,HIGH(2*@0+(@1))
                 	.ENDM
                 
                 	.MACRO __POINTD2FN
                 	LDI  R26,LOW(2*@0+(@1))
                 	LDI  R27,HIGH(2*@0+(@1))
                 	LDI  R24,BYTE3(2*@0+(@1))
                 	LDI  R25,BYTE4(2*@0+(@1))
                 	.ENDM
                 
                 	.MACRO __POINTBRM
                 	LDI  R@0,LOW(@1)
                 	.ENDM
                 
                 	.MACRO __POINTWRM
                 	LDI  R@0,LOW(@2)
                 	LDI  R@1,HIGH(@2)
                 	.ENDM
                 
                 	.MACRO __POINTBRMN
                 	LDI  R@0,LOW(@1+(@2))
                 	.ENDM
                 
                 	.MACRO __POINTWRMN
                 	LDI  R@0,LOW(@2+(@3))
                 	LDI  R@1,HIGH(@2+(@3))
                 	.ENDM
                 
                 	.MACRO __POINTWRFN
                 	LDI  R@0,LOW(@2*2+(@3))
                 	LDI  R@1,HIGH(@2*2+(@3))
                 	.ENDM
                 
                 	.MACRO __GETD1N
                 	LDI  R30,LOW(@0)
                 	LDI  R31,HIGH(@0)
                 	LDI  R22,BYTE3(@0)
                 	LDI  R23,BYTE4(@0)
                 	.ENDM
                 
                 	.MACRO __GETD2N
                 	LDI  R26,LOW(@0)
                 	LDI  R27,HIGH(@0)
                 	LDI  R24,BYTE3(@0)
                 	LDI  R25,BYTE4(@0)
                 	.ENDM
                 
                 	.MACRO __GETB1MN
                 	LDS  R30,@0+(@1)
                 	.ENDM
                 
                 	.MACRO __GETB1HMN
                 	LDS  R31,@0+(@1)
                 	.ENDM
                 
                 	.MACRO __GETW1MN
                 	LDS  R30,@0+(@1)
                 	LDS  R31,@0+(@1)+1
                 	.ENDM
                 
                 	.MACRO __GETD1MN
                 	LDS  R30,@0+(@1)
                 	LDS  R31,@0+(@1)+1
                 	LDS  R22,@0+(@1)+2
                 	LDS  R23,@0+(@1)+3
                 	.ENDM
                 
                 	.MACRO __GETBRMN
                 	LDS  R@0,@1+(@2)
                 	.ENDM
                 
                 	.MACRO __GETWRMN
                 	LDS  R@0,@2+(@3)
                 	LDS  R@1,@2+(@3)+1
                 	.ENDM
                 
                 	.MACRO __GETWRZ
                 	LDD  R@0,Z+@2
                 	LDD  R@1,Z+@2+1
                 	.ENDM
                 
                 	.MACRO __GETD2Z
                 	LDD  R26,Z+@0
                 	LDD  R27,Z+@0+1
                 	LDD  R24,Z+@0+2
                 	LDD  R25,Z+@0+3
                 	.ENDM
                 
                 	.MACRO __GETB2MN
                 	LDS  R26,@0+(@1)
                 	.ENDM
                 
                 	.MACRO __GETW2MN
                 	LDS  R26,@0+(@1)
                 	LDS  R27,@0+(@1)+1
                 	.ENDM
                 
                 	.MACRO __GETD2MN
                 	LDS  R26,@0+(@1)
                 	LDS  R27,@0+(@1)+1
                 	LDS  R24,@0+(@1)+2
                 	LDS  R25,@0+(@1)+3
                 	.ENDM
                 
                 	.MACRO __PUTB1MN
                 	STS  @0+(@1),R30
                 	.ENDM
                 
                 	.MACRO __PUTW1MN
                 	STS  @0+(@1),R30
                 	STS  @0+(@1)+1,R31
                 	.ENDM
                 
                 	.MACRO __PUTD1MN
                 	STS  @0+(@1),R30
                 	STS  @0+(@1)+1,R31
                 	STS  @0+(@1)+2,R22
                 	STS  @0+(@1)+3,R23
                 	.ENDM
                 
                 	.MACRO __PUTB1EN
                 	LDI  R26,LOW(@0+(@1))
                 	LDI  R27,HIGH(@0+(@1))
                 	CALL __EEPROMWRB
                 	.ENDM
                 
                 	.MACRO __PUTW1EN
                 	LDI  R26,LOW(@0+(@1))
                 	LDI  R27,HIGH(@0+(@1))
                 	CALL __EEPROMWRW
                 	.ENDM
                 
                 	.MACRO __PUTD1EN
                 	LDI  R26,LOW(@0+(@1))
                 	LDI  R27,HIGH(@0+(@1))
                 	CALL __EEPROMWRD
                 	.ENDM
                 
                 	.MACRO __PUTBR0MN
                 	STS  @0+(@1),R0
                 	.ENDM
                 
                 	.MACRO __PUTBMRN
                 	STS  @0+(@1),R@2
                 	.ENDM
                 
                 	.MACRO __PUTWMRN
                 	STS  @0+(@1),R@2
                 	STS  @0+(@1)+1,R@3
                 	.ENDM
                 
                 	.MACRO __PUTBZR
                 	STD  Z+@1,R@0
                 	.ENDM
                 
                 	.MACRO __PUTWZR
                 	STD  Z+@2,R@0
                 	STD  Z+@2+1,R@1
                 	.ENDM
                 
                 	.MACRO __GETW1R
                 	MOV  R30,R@0
                 	MOV  R31,R@1
                 	.ENDM
                 
                 	.MACRO __GETW2R
                 	MOV  R26,R@0
                 	MOV  R27,R@1
                 	.ENDM
                 
                 	.MACRO __GETWRN
                 	LDI  R@0,LOW(@2)
                 	LDI  R@1,HIGH(@2)
                 	.ENDM
                 
                 	.MACRO __PUTW1R
                 	MOV  R@0,R30
                 	MOV  R@1,R31
                 	.ENDM
                 
                 	.MACRO __PUTW2R
                 	MOV  R@0,R26
                 	MOV  R@1,R27
                 	.ENDM
                 
                 	.MACRO __ADDWRN
                 	SUBI R@0,LOW(-@2)
                 	SBCI R@1,HIGH(-@2)
                 	.ENDM
                 
                 	.MACRO __ADDWRR
                 	ADD  R@0,R@2
                 	ADC  R@1,R@3
                 	.ENDM
                 
                 	.MACRO __SUBWRN
                 	SUBI R@0,LOW(@2)
                 	SBCI R@1,HIGH(@2)
                 	.ENDM
                 
                 	.MACRO __SUBWRR
                 	SUB  R@0,R@2
                 	SBC  R@1,R@3
                 	.ENDM
                 
                 	.MACRO __ANDWRN
                 	ANDI R@0,LOW(@2)
                 	ANDI R@1,HIGH(@2)
                 	.ENDM
                 
                 	.MACRO __ANDWRR
                 	AND  R@0,R@2
                 	AND  R@1,R@3
                 	.ENDM
                 
                 	.MACRO __ORWRN
                 	ORI  R@0,LOW(@2)
                 	ORI  R@1,HIGH(@2)
                 	.ENDM
                 
                 	.MACRO __ORWRR
                 	OR   R@0,R@2
                 	OR   R@1,R@3
                 	.ENDM
                 
                 	.MACRO __EORWRR
                 	EOR  R@0,R@2
                 	EOR  R@1,R@3
                 	.ENDM
                 
                 	.MACRO __GETWRS
                 	LDD  R@0,Y+@2
                 	LDD  R@1,Y+@2+1
                 	.ENDM
                 
                 	.MACRO __PUTBSR
                 	STD  Y+@1,R@0
                 	.ENDM
                 
                 	.MACRO __PUTWSR
                 	STD  Y+@2,R@0
                 	STD  Y+@2+1,R@1
                 	.ENDM
                 
                 	.MACRO __MOVEWRR
                 	MOV  R@0,R@2
                 	MOV  R@1,R@3
                 	.ENDM
                 
                 	.MACRO __INWR
                 	IN   R@0,@2
                 	IN   R@1,@2+1
                 	.ENDM
                 
                 	.MACRO __OUTWR
                 	OUT  @2+1,R@1
                 	OUT  @2,R@0
                 	.ENDM
                 
                 	.MACRO __CALL1MN
                 	LDS  R30,@0+(@1)
                 	LDS  R31,@0+(@1)+1
                 	ICALL
                 	.ENDM
                 
                 	.MACRO __CALL1FN
                 	LDI  R30,LOW(2*@0+(@1))
                 	LDI  R31,HIGH(2*@0+(@1))
                 	CALL __GETW1PF
                 	ICALL
                 	.ENDM
                 
                 	.MACRO __CALL2EN
                 	PUSH R26
                 	PUSH R27
                 	LDI  R26,LOW(@0+(@1))
                 	LDI  R27,HIGH(@0+(@1))
                 	CALL __EEPROMRDW
                 	POP  R27
                 	POP  R26
                 	ICALL
                 	.ENDM
                 
                 	.MACRO __CALL2EX
                 	SUBI R26,LOW(-@0)
                 	SBCI R27,HIGH(-@0)
                 	CALL __EEPROMRDD
                 	ICALL
                 	.ENDM
                 
                 	.MACRO __GETW1STACK
                 	IN   R30,SPL
                 	IN   R31,SPH
                 	ADIW R30,@0+1
                 	LD   R0,Z+
                 	LD   R31,Z
                 	MOV  R30,R0
                 	.ENDM
                 
                 	.MACRO __GETD1STACK
                 	IN   R30,SPL
                 	IN   R31,SPH
                 	ADIW R30,@0+1
                 	LD   R0,Z+
                 	LD   R1,Z+
                 	LD   R22,Z
                 	MOVW R30,R0
                 	.ENDM
                 
                 	.MACRO __NBST
                 	BST  R@0,@1
                 	IN   R30,SREG
                 	LDI  R31,0x40
                 	EOR  R30,R31
                 	OUT  SREG,R30
                 	.ENDM
                 
                 
                 	.MACRO __PUTB1SN
                 	LDD  R26,Y+@0
                 	LDD  R27,Y+@0+1
                 	SUBI R26,LOW(-@1)
                 	SBCI R27,HIGH(-@1)
                 	ST   X,R30
                 	.ENDM
                 
                 	.MACRO __PUTW1SN
                 	LDD  R26,Y+@0
                 	LDD  R27,Y+@0+1
                 	SUBI R26,LOW(-@1)
                 	SBCI R27,HIGH(-@1)
                 	ST   X+,R30
                 	ST   X,R31
                 	.ENDM
                 
                 	.MACRO __PUTD1SN
                 	LDD  R26,Y+@0
                 	LDD  R27,Y+@0+1
                 	SUBI R26,LOW(-@1)
                 	SBCI R27,HIGH(-@1)
                 	CALL __PUTDP1
                 	.ENDM
                 
                 	.MACRO __PUTB1SNS
                 	LDD  R26,Y+@0
                 	LDD  R27,Y+@0+1
                 	ADIW R26,@1
                 	ST   X,R30
                 	.ENDM
                 
                 	.MACRO __PUTW1SNS
                 	LDD  R26,Y+@0
                 	LDD  R27,Y+@0+1
                 	ADIW R26,@1
                 	ST   X+,R30
                 	ST   X,R31
                 	.ENDM
                 
                 	.MACRO __PUTD1SNS
                 	LDD  R26,Y+@0
                 	LDD  R27,Y+@0+1
                 	ADIW R26,@1
                 	CALL __PUTDP1
                 	.ENDM
                 
                 	.MACRO __PUTB1PMN
                 	LDS  R26,@0
                 	LDS  R27,@0+1
                 	SUBI R26,LOW(-@1)
                 	SBCI R27,HIGH(-@1)
                 	ST   X,R30
                 	.ENDM
                 
                 	.MACRO __PUTW1PMN
                 	LDS  R26,@0
                 	LDS  R27,@0+1
                 	SUBI R26,LOW(-@1)
                 	SBCI R27,HIGH(-@1)
                 	ST   X+,R30
                 	ST   X,R31
                 	.ENDM
                 
                 	.MACRO __PUTD1PMN
                 	LDS  R26,@0
                 	LDS  R27,@0+1
                 	SUBI R26,LOW(-@1)
                 	SBCI R27,HIGH(-@1)
                 	CALL __PUTDP1
                 	.ENDM
                 
                 	.MACRO __PUTB1PMNS
                 	LDS  R26,@0
                 	LDS  R27,@0+1
                 	ADIW R26,@1
                 	ST   X,R30
                 	.ENDM
                 
                 	.MACRO __PUTW1PMNS
                 	LDS  R26,@0
                 	LDS  R27,@0+1
                 	ADIW R26,@1
                 	ST   X+,R30
                 	ST   X,R31
                 	.ENDM
                 
                 	.MACRO __PUTD1PMNS
                 	LDS  R26,@0
                 	LDS  R27,@0+1
                 	ADIW R26,@1
                 	CALL __PUTDP1
                 	.ENDM
                 
                 	.MACRO __PUTB1RN
                 	MOVW R26,R@0
                 	SUBI R26,LOW(-@1)
                 	SBCI R27,HIGH(-@1)
                 	ST   X,R30
                 	.ENDM
                 
                 	.MACRO __PUTW1RN
                 	MOVW R26,R@0
                 	SUBI R26,LOW(-@1)
                 	SBCI R27,HIGH(-@1)
                 	ST   X+,R30
                 	ST   X,R31
                 	.ENDM
                 
                 	.MACRO __PUTD1RN
                 	MOVW R26,R@0
                 	SUBI R26,LOW(-@1)
                 	SBCI R27,HIGH(-@1)
                 	CALL __PUTDP1
                 	.ENDM
                 
                 	.MACRO __PUTB1RNS
                 	MOVW R26,R@0
                 	ADIW R26,@1
                 	ST   X,R30
                 	.ENDM
                 
                 	.MACRO __PUTW1RNS
                 	MOVW R26,R@0
                 	ADIW R26,@1
                 	ST   X+,R30
                 	ST   X,R31
                 	.ENDM
                 
                 	.MACRO __PUTD1RNS
                 	MOVW R26,R@0
                 	ADIW R26,@1
                 	CALL __PUTDP1
                 	.ENDM
                 
                 	.MACRO __PUTB1RON
                 	MOV  R26,R@0
                 	MOV  R27,R@1
                 	SUBI R26,LOW(-@2)
                 	SBCI R27,HIGH(-@2)
                 	ST   X,R30
                 	.ENDM
                 
                 	.MACRO __PUTW1RON
                 	MOV  R26,R@0
                 	MOV  R27,R@1
                 	SUBI R26,LOW(-@2)
                 	SBCI R27,HIGH(-@2)
                 	ST   X+,R30
                 	ST   X,R31
                 	.ENDM
                 
                 	.MACRO __PUTD1RON
                 	MOV  R26,R@0
                 	MOV  R27,R@1
                 	SUBI R26,LOW(-@2)
                 	SBCI R27,HIGH(-@2)
                 	CALL __PUTDP1
                 	.ENDM
                 
                 	.MACRO __PUTB1RONS
                 	MOV  R26,R@0
                 	MOV  R27,R@1
                 	ADIW R26,@2
                 	ST   X,R30
                 	.ENDM
                 
                 	.MACRO __PUTW1RONS
                 	MOV  R26,R@0
                 	MOV  R27,R@1
                 	ADIW R26,@2
                 	ST   X+,R30
                 	ST   X,R31
                 	.ENDM
                 
                 	.MACRO __PUTD1RONS
                 	MOV  R26,R@0
                 	MOV  R27,R@1
                 	ADIW R26,@2
                 	CALL __PUTDP1
                 	.ENDM
                 
                 
                 	.MACRO __GETB1SX
                 	MOVW R30,R28
                 	SUBI R30,LOW(-@0)
                 	SBCI R31,HIGH(-@0)
                 	LD   R30,Z
                 	.ENDM
                 
                 	.MACRO __GETB1HSX
                 	MOVW R30,R28
                 	SUBI R30,LOW(-@0)
                 	SBCI R31,HIGH(-@0)
                 	LD   R31,Z
                 	.ENDM
                 
                 	.MACRO __GETW1SX
                 	MOVW R30,R28
                 	SUBI R30,LOW(-@0)
                 	SBCI R31,HIGH(-@0)
                 	LD   R0,Z+
                 	LD   R31,Z
                 	MOV  R30,R0
                 	.ENDM
                 
                 	.MACRO __GETD1SX
                 	MOVW R30,R28
                 	SUBI R30,LOW(-@0)
                 	SBCI R31,HIGH(-@0)
                 	LD   R0,Z+
                 	LD   R1,Z+
                 	LD   R22,Z+
                 	LD   R23,Z
                 	MOVW R30,R0
                 	.ENDM
                 
                 	.MACRO __GETB2SX
                 	MOVW R26,R28
                 	SUBI R26,LOW(-@0)
                 	SBCI R27,HIGH(-@0)
                 	LD   R26,X
                 	.ENDM
                 
                 	.MACRO __GETW2SX
                 	MOVW R26,R28
                 	SUBI R26,LOW(-@0)
                 	SBCI R27,HIGH(-@0)
                 	LD   R0,X+
                 	LD   R27,X
                 	MOV  R26,R0
                 	.ENDM
                 
                 	.MACRO __GETD2SX
                 	MOVW R26,R28
                 	SUBI R26,LOW(-@0)
                 	SBCI R27,HIGH(-@0)
                 	LD   R0,X+
                 	LD   R1,X+
                 	LD   R24,X+
                 	LD   R25,X
                 	MOVW R26,R0
                 	.ENDM
                 
                 	.MACRO __GETBRSX
                 	MOVW R30,R28
                 	SUBI R30,LOW(-@1)
                 	SBCI R31,HIGH(-@1)
                 	LD   R@0,Z
                 	.ENDM
                 
                 	.MACRO __GETWRSX
                 	MOVW R30,R28
                 	SUBI R30,LOW(-@2)
                 	SBCI R31,HIGH(-@2)
                 	LD   R@0,Z+
                 	LD   R@1,Z
                 	.ENDM
                 
                 	.MACRO __GETBRSX2
                 	MOVW R26,R28
                 	SUBI R26,LOW(-@1)
                 	SBCI R27,HIGH(-@1)
                 	LD   R@0,X
                 	.ENDM
                 
                 	.MACRO __GETWRSX2
                 	MOVW R26,R28
                 	SUBI R26,LOW(-@2)
                 	SBCI R27,HIGH(-@2)
                 	LD   R@0,X+
                 	LD   R@1,X
                 	.ENDM
                 
                 	.MACRO __LSLW8SX
                 	MOVW R30,R28
                 	SUBI R30,LOW(-@0)
                 	SBCI R31,HIGH(-@0)
                 	LD   R31,Z
                 	CLR  R30
                 	.ENDM
                 
                 	.MACRO __PUTB1SX
                 	MOVW R26,R28
                 	SUBI R26,LOW(-@0)
                 	SBCI R27,HIGH(-@0)
                 	ST   X,R30
                 	.ENDM
                 
                 	.MACRO __PUTW1SX
                 	MOVW R26,R28
                 	SUBI R26,LOW(-@0)
                 	SBCI R27,HIGH(-@0)
                 	ST   X+,R30
                 	ST   X,R31
                 	.ENDM
                 
                 	.MACRO __PUTD1SX
                 	MOVW R26,R28
                 	SUBI R26,LOW(-@0)
                 	SBCI R27,HIGH(-@0)
                 	ST   X+,R30
                 	ST   X+,R31
                 	ST   X+,R22
                 	ST   X,R23
                 	.ENDM
                 
                 	.MACRO __CLRW1SX
                 	MOVW R26,R28
                 	SUBI R26,LOW(-@0)
                 	SBCI R27,HIGH(-@0)
                 	ST   X+,R30
                 	ST   X,R30
                 	.ENDM
                 
                 	.MACRO __CLRD1SX
                 	MOVW R26,R28
                 	SUBI R26,LOW(-@0)
                 	SBCI R27,HIGH(-@0)
                 	ST   X+,R30
                 	ST   X+,R30
                 	ST   X+,R30
                 	ST   X,R30
                 	.ENDM
                 
                 	.MACRO __PUTB2SX
                 	MOVW R30,R28
                 	SUBI R30,LOW(-@0)
                 	SBCI R31,HIGH(-@0)
                 	ST   Z,R26
                 	.ENDM
                 
                 	.MACRO __PUTW2SX
                 	MOVW R30,R28
                 	SUBI R30,LOW(-@0)
                 	SBCI R31,HIGH(-@0)
                 	ST   Z+,R26
                 	ST   Z,R27
                 	.ENDM
                 
                 	.MACRO __PUTD2SX
                 	MOVW R30,R28
                 	SUBI R30,LOW(-@0)
                 	SBCI R31,HIGH(-@0)
                 	ST   Z+,R26
                 	ST   Z+,R27
                 	ST   Z+,R24
                 	ST   Z,R25
                 	.ENDM
                 
                 	.MACRO __PUTBSRX
                 	MOVW R30,R28
                 	SUBI R30,LOW(-@1)
                 	SBCI R31,HIGH(-@1)
                 	ST   Z,R@0
                 	.ENDM
                 
                 	.MACRO __PUTWSRX
                 	MOVW R30,R28
                 	SUBI R30,LOW(-@2)
                 	SBCI R31,HIGH(-@2)
                 	ST   Z+,R@0
                 	ST   Z,R@1
                 	.ENDM
                 
                 	.MACRO __PUTB1SNX
                 	MOVW R26,R28
                 	SUBI R26,LOW(-@0)
                 	SBCI R27,HIGH(-@0)
                 	LD   R0,X+
                 	LD   R27,X
                 	MOV  R26,R0
                 	SUBI R26,LOW(-@1)
                 	SBCI R27,HIGH(-@1)
                 	ST   X,R30
                 	.ENDM
                 
                 	.MACRO __PUTW1SNX
                 	MOVW R26,R28
                 	SUBI R26,LOW(-@0)
                 	SBCI R27,HIGH(-@0)
                 	LD   R0,X+
                 	LD   R27,X
                 	MOV  R26,R0
                 	SUBI R26,LOW(-@1)
                 	SBCI R27,HIGH(-@1)
                 	ST   X+,R30
                 	ST   X,R31
                 	.ENDM
                 
                 	.MACRO __PUTD1SNX
                 	MOVW R26,R28
                 	SUBI R26,LOW(-@0)
                 	SBCI R27,HIGH(-@0)
                 	LD   R0,X+
                 	LD   R27,X
                 	MOV  R26,R0
                 	SUBI R26,LOW(-@1)
                 	SBCI R27,HIGH(-@1)
                 	ST   X+,R30
                 	ST   X+,R31
                 	ST   X+,R22
                 	ST   X,R23
                 	.ENDM
                 
                 	.MACRO __MULBRR
                 	MULS R@0,R@1
                 	MOVW R30,R0
                 	.ENDM
                 
                 	.MACRO __MULBRRU
                 	MUL  R@0,R@1
                 	MOVW R30,R0
                 	.ENDM
                 
                 	.MACRO __MULBRR0
                 	MULS R@0,R@1
                 	.ENDM
                 
                 	.MACRO __MULBRRU0
                 	MUL  R@0,R@1
                 	.ENDM
                 
                 	.MACRO __MULBNWRU
                 	LDI  R26,@2
                 	MUL  R26,R@0
                 	MOVW R30,R0
                 	MUL  R26,R@1
                 	ADD  R31,R0
                 	.ENDM
                 
                 	.CSEG
                 	.ORG 0x00
                 
                 ;START OF CODE MARKER
                 __START_OF_CODE:
                 
                 ;INTERRUPT VECTORS
000000 940c 0081 	JMP  __RESET
000002 940c 0000 	JMP  0x00
000004 940c 0000 	JMP  0x00
000006 940c 0000 	JMP  0x00
000008 940c 0000 	JMP  0x00
00000a 940c 0000 	JMP  0x00
00000c 940c 0000 	JMP  0x00
00000e 940c 0000 	JMP  0x00
000010 940c 0000 	JMP  0x00
000012 940c 0000 	JMP  0x00
000014 940c 0000 	JMP  0x00
000016 940c 0000 	JMP  0x00
000018 940c 0000 	JMP  0x00
00001a 940c 0000 	JMP  0x00
00001c 940c 0000 	JMP  0x00
00001e 940c 0000 	JMP  0x00
000020 940c 0000 	JMP  0x00
000022 940c 0000 	JMP  0x00
000024 940c 0000 	JMP  0x00
000026 940c 0000 	JMP  0x00
000028 940c 0000 	JMP  0x00
00002a 940c 0000 	JMP  0x00
00002c 940c 0000 	JMP  0x00
00002e 940c 0000 	JMP  0x00
000030 940c 0000 	JMP  0x00
000032 940c 0000 	JMP  0x00
000034 940c 0000 	JMP  0x00
000036 940c 0000 	JMP  0x00
000038 940c 0000 	JMP  0x00
00003a 940c 0000 	JMP  0x00
00003c 940c 0000 	JMP  0x00
00003e 940c 0000 	JMP  0x00
000040 940c 0000 	JMP  0x00
000042 940c 0000 	JMP  0x00
000044 940c 0000 	JMP  0x00
                 
                 _0x12:
000046 a041
000047 a142
000048 45e0
000049 a4a3      	.DB  0x41,0xA0,0x42,0xA1,0xE0,0x45,0xA3,0xA4
00004a a6a5
00004b a74b
00004c 484d
00004d a84f      	.DB  0xA5,0xA6,0x4B,0xA7,0x4D,0x48,0x4F,0xA8
00004e 4350
00004f a954
000050 58aa
000051 abe1      	.DB  0x50,0x43,0x54,0xA9,0xAA,0x58,0xE1,0xAB
000052 e2ac
000053 aead
000054 af62
000055 b1b0      	.DB  0xAC,0xE2,0xAD,0xAE,0x62,0xAF,0xB0,0xB1
000056 b261
000057 b4b3
000058 65e3
000059 b7b6      	.DB  0x61,0xB2,0xB3,0xB4,0xE3,0x65,0xB6,0xB7
00005a b9b8
00005b bbba
00005c bdbc
00005d be6f      	.DB  0xB8,0xB9,0xBA,0xBB,0xBC,0xBD,0x6F,0xBE
00005e 6370
00005f 79bf
000060 785c
000061 c0e5      	.DB  0x70,0x63,0xBF,0x79,0x5C,0x78,0xE5,0xC0
000062 e6c1
000063 c3c2
000064 c5c4
000065 c7c6      	.DB  0xC1,0xE6,0xC2,0xC3,0xC4,0xC5,0xC6,0xC7
                 _0x0:
000066 6574
000067 706d
000068 3028
000069 2029      	.DB  0x74,0x65,0x6D,0x70,0x28,0x30,0x29,0x20
00006a 203d
00006b 7400
00006c 6d65
00006d 2870      	.DB  0x3D,0x20,0x0,0x74,0x65,0x6D,0x70,0x28
00006e 2937
00006f 3d20
000070 0020      	.DB  0x37,0x29,0x20,0x3D,0x20,0x0
                 _0x2000060:
D:\6492_2\lab6\Debug\List\lab6.asm(1146): warning: .cseg .db misalignment - padding zero byte
000071 0001      	.DB  0x1
                 _0x2000000:
000072 4e2d
000073 4e41
000074 4900
000075 464e      	.DB  0x2D,0x4E,0x41,0x4E,0x0,0x49,0x4E,0x46
D:\6492_2\lab6\Debug\List\lab6.asm(1149): warning: .cseg .db misalignment - padding zero byte
000076 0000      	.DB  0x0
                 
                 __GLOBAL_INI_TBL:
000077 000b      	.DW  0x0B
000078 0500      	.DW  _0x21
000079 00cc      	.DW  _0x0*2
                 
00007a 000b      	.DW  0x0B
00007b 050b      	.DW  _0x21+11
00007c 00d7      	.DW  _0x0*2+11
                 
00007d 0001      	.DW  0x01
00007e 0516      	.DW  __seed_G100
00007f 00e2      	.DW  _0x2000060*2
                 
                 _0xFFFFFFFF:
000080 0000      	.DW  0
                 
                 #define __GLOBAL_INI_TBL_PRESENT 1
                 
                 __RESET:
000081 94f8      	CLI
000082 27ee      	CLR  R30
000083 bbec      	OUT  EECR,R30
                 
                 ;INTERRUPT VECTORS ARE PLACED
                 ;AT THE START OF FLASH
000084 e0f1      	LDI  R31,1
000085 bff5      	OUT  MCUCR,R31
000086 bfe5      	OUT  MCUCR,R30
000087 93e0 006c 	STS  XMCRB,R30
                 
                 ;CLEAR R2-R14
000089 e08d      	LDI  R24,(14-2)+1
00008a e0a2      	LDI  R26,2
00008b 27bb      	CLR  R27
                 __CLEAR_REG:
00008c 93ed      	ST   X+,R30
00008d 958a      	DEC  R24
00008e f7e9      	BRNE __CLEAR_REG
                 
                 ;CLEAR SRAM
00008f e080      	LDI  R24,LOW(__CLEAR_SRAM_SIZE)
000090 e190      	LDI  R25,HIGH(__CLEAR_SRAM_SIZE)
000091 e0a0      	LDI  R26,LOW(__SRAM_START)
000092 e0b1      	LDI  R27,HIGH(__SRAM_START)
                 __CLEAR_SRAM:
000093 93ed      	ST   X+,R30
000094 9701      	SBIW R24,1
000095 f7e9      	BRNE __CLEAR_SRAM
                 
                 ;GLOBAL VARIABLES INITIALIZATION
000096 eeee      	LDI  R30,LOW(__GLOBAL_INI_TBL*2)
000097 e0f0      	LDI  R31,HIGH(__GLOBAL_INI_TBL*2)
                 __GLOBAL_INI_NEXT:
000098 9185      	LPM  R24,Z+
000099 9195      	LPM  R25,Z+
00009a 9700      	SBIW R24,0
00009b f061      	BREQ __GLOBAL_INI_END
00009c 91a5      	LPM  R26,Z+
00009d 91b5      	LPM  R27,Z+
00009e 9005      	LPM  R0,Z+
00009f 9015      	LPM  R1,Z+
0000a0 01bf      	MOVW R22,R30
0000a1 01f0      	MOVW R30,R0
                 __GLOBAL_INI_LOOP:
0000a2 9005      	LPM  R0,Z+
0000a3 920d      	ST   X+,R0
0000a4 9701      	SBIW R24,1
0000a5 f7e1      	BRNE __GLOBAL_INI_LOOP
0000a6 01fb      	MOVW R30,R22
0000a7 cff0      	RJMP __GLOBAL_INI_NEXT
                 __GLOBAL_INI_END:
                 
0000a8 bf8b      	OUT  RAMPZ,R24
                 
                 ;HARDWARE STACK POINTER INITIALIZATION
0000a9 efef      	LDI  R30,LOW(__SRAM_END-__HEAP_SIZE)
0000aa bfed      	OUT  SPL,R30
0000ab e1e0      	LDI  R30,HIGH(__SRAM_END-__HEAP_SIZE)
0000ac bfee      	OUT  SPH,R30
                 
                 ;DATA STACK POINTER INITIALIZATION
0000ad e0c0      	LDI  R28,LOW(__SRAM_START+__DSTACK_SIZE)
0000ae e0d5      	LDI  R29,HIGH(__SRAM_START+__DSTACK_SIZE)
                 
0000af 940c 020e 	JMP  _main
                 
                 	.ESEG
                 	.ORG 0
                 
                 	.DSEG
                 	.ORG 0x500
                 
                 	.CSEG
                 ;/*
                 ; * Created: 11.09.2019 11:46:22
                 ; * Author: Student
                 ; * lab6
                 ; * Variant 8
                 ; *
                 ; */
                 ;
                 ;#include <define.h>
                 	#ifndef __SLEEP_DEFINED__
                 	#define __SLEEP_DEFINED__
                 	.EQU __se_bit=0x20
                 	.EQU __sm_mask=0x1C
                 	.EQU __sm_powerdown=0x10
                 	.EQU __sm_powersave=0x18
                 	.EQU __sm_standby=0x14
                 	.EQU __sm_ext_standby=0x1C
                 	.EQU __sm_adc_noise_red=0x08
                 	.SET power_ctrl_reg=mcucr
                 	#endif
                 ;
                 ;#include <io.h>
                 ;#include <mega128a.h>
                 ;#include <delay.h>
                 ;
                 ;#define CMD 1
                 ;#define DATA 0
                 ;#define DISPLAY 1
                 ;#define CURSOR 0
                 ;#define RHIGHT 1
                 ;#define LEFT   0
                 ;#define ON 1
                 ;#define OFF 0
                 ;#define EIGHT 1
                 ;#define FOUR 0
                 ;#define ONE 0
                 ;#define TWO 1
                 ;#define LOWERCASE  0
                 ;#define UPPERCASE  1
                 ;#define RS 7 // выбор регистра
                 ;#define E 6 // строб передачи
                 ;
                 ;//установка адреса DDRAM (позиция символа)
                 ;//pos = 0 ... 39
                 ;//line = 0 — first line
                 ;//line = 1 — second line
                 ;void LCD_pos(char pos, char line)
                 ; 0000 0009 {
                 
                 	.CSEG
                 _LCD_pos:
                 ; .FSTART _LCD_pos
                 ;   LCD_message(((1<<7)|(pos+line*64)),CMD);
0000b1 93aa      	ST   -Y,R26
                 ;	pos -> Y+1
                 ;	line -> Y+0
0000b2 81e8      	LD   R30,Y
0000b3 e4a0      	LDI  R26,LOW(64)
0000b4 02ea      	MULS R30,R26
0000b5 01f0      	MOVW R30,R0
0000b6 81a9      	LDD  R26,Y+1
0000b7 0fea      	ADD  R30,R26
0000b8 68e0      	ORI  R30,0x80
0000b9 940e 0237 	CALL SUBOPT_0x0
                 ;}
0000bb c0dd      	RJMP _0x2080005
                 ; .FEND
                 ;
                 ;//Вывод числового значения (max 5 десятичных разрядов и больше нуля)
                 ;void LCD_uint(int value)
                 ;{
                 _LCD_uint:
                 ; .FSTART _LCD_uint
                 ;    int i ;
                 ;    unsigned char flag_first_num = 0 ;
                 ;    unsigned char number;
                 ;    if (value<0) LCD_message(0b10010110,DATA);//выводим минус
0000bc 93ba      	ST   -Y,R27
0000bd 93aa      	ST   -Y,R26
0000be 940e 02a0 	CALL __SAVELOCR4
                 ;	value -> Y+4
                 ;	i -> R16,R17
                 ;	flag_first_num -> R19
                 ;	number -> R18
0000c0 e030      	LDI  R19,0
0000c1 81ad      	LDD  R26,Y+5
0000c2 23aa      	TST  R26
0000c3 f41a      	BRPL _0x3
0000c4 e9e6      	LDI  R30,LOW(150)
0000c5 940e 023c 	CALL SUBOPT_0x1
                 ;    for(i=1; i<=5; i++)
                 _0x3:
                +
0000c7 e001     +LDI R16 , LOW ( 1 )
0000c8 e010     +LDI R17 , HIGH ( 1 )
                 	__GETWRN 16,17,1
                 _0x5:
                +
0000c9 3006     +CPI R16 , LOW ( 6 )
0000ca e0e0     +LDI R30 , HIGH ( 6 )
0000cb 071e     +CPC R17 , R30
                 	__CPWRN 16,17,6
0000cc f49c      	BRGE _0x6
                 ;    {
                 ;        number = Digit(value,i);
0000cd 81ec      	LDD  R30,Y+4
0000ce 81fd      	LDD  R31,Y+4+1
0000cf 93fa      	ST   -Y,R31
0000d0 93ea      	ST   -Y,R30
0000d1 2fa0      	MOV  R26,R16
0000d2 d055      	RCALL _Digit
0000d3 2f2e      	MOV  R18,R30
                 ;        if(number != 0)   //появление перового символа
0000d4 3020      	CPI  R18,0
0000d5 f009      	BREQ _0x7
                 ;        {
                 ;           flag_first_num = 1;
0000d6 e031      	LDI  R19,LOW(1)
                 ;        }
                 ;
                 ;        if(flag_first_num == 1)
                 _0x7:
0000d7 3031      	CPI  R19,1
0000d8 f421      	BRNE _0x8
                 ;        {
                 ;
                 ;            LCD_message(number+'0',DATA);//выводим цифру
0000d9 2fe2      	MOV  R30,R18
0000da 5de0      	SUBI R30,-LOW(48)
0000db 940e 023c 	CALL SUBOPT_0x1
                 ;        }
                 ;
                 ;    }
                 _0x8:
                +
0000dd 5f0f     +SUBI R16 , LOW ( - 1 )
0000de 4f1f     +SBCI R17 , HIGH ( - 1 )
                 	__ADDWRN 16,17,1
0000df cfe9      	RJMP _0x5
                 _0x6:
                 ;}
0000e0 940e 02a5 	CALL __LOADLOCR4
0000e2 9626      	ADIW R28,6
0000e3 9508      	RET
                 ; .FEND
                 ;
                 ;void LCD_message(char message,int type)
                 ;{
                 _LCD_message:
                 ; .FSTART _LCD_message
                 ;    //[]--------------------------------------------------[]
                 ;    //| Назначение: запись кодов в регистр команд ЖКИ |
                 ;    //| Входные параметры: message - сообщение |
                 ;    //| Входные параметры: type - тип сообщения (код или данные) |
                 ;    //[]--------------------------------------------------[]
                 ;
                 ;    if(type) // 1
0000e4 93ba      	ST   -Y,R27
0000e5 93aa      	ST   -Y,R26
                 ;	message -> Y+2
                 ;	type -> Y+0
0000e6 81e8      	LD   R30,Y
0000e7 81f9      	LDD  R31,Y+1
0000e8 9730      	SBIW R30,0
0000e9 f011      	BREQ _0x9
                 ;    PORTD &= ~(1<<RS); // выбор регистра команд RS=0
0000ea 9897      	CBI  0x12,7
                 ;    else
0000eb c001      	RJMP _0xA
                 _0x9:
                 ;    PORTD |= (1<<RS); // выбор регистра данных RS=1
0000ec 9a97      	SBI  0x12,7
                 ;    PORTC=message; // записать команду в порт PORTC
                 _0xA:
0000ed 81ea      	LDD  R30,Y+2
0000ee bbe5      	OUT  0x15,R30
                 ;    PORTD|= (1<<E); // \ сформироватьна
0000ef 9a96      	SBI  0x12,6
                 ;    delay_us(5); // |выводе E строб 1-0
                +
0000f0 e182     +LDI R24 , LOW ( 18 )
                +__DELAY_USB_LOOP :
0000f1 958a     +DEC R24
0000f2 f7f1     +BRNE __DELAY_USB_LOOP
                 	__DELAY_USB 18
                 ;    PORTD&= ~(1<<E); // / передачи команды
0000f3 9896      	CBI  0x12,6
                 ;    delay_ms(3); // задержка для завершения записи
0000f4 e0a3      	LDI  R26,LOW(3)
0000f5 e0b0      	LDI  R27,0
0000f6 940e 0269 	CALL _delay_ms
                 ;
                 ;}
0000f8 c10a      	RJMP _0x2080003
                 ; .FEND
                 ;
                 ;void LCD_init(void)
                 ;{
                 _LCD_init:
                 ; .FSTART _LCD_init
                 ;    //[]--------------------------------------------------[]
                 ;    //| Назначение: инициализация ЖКИ |
                 ;    //[]--------------------------------------------------[]
                 ;    DDRC = 0xFF;            // все разряды PORTC на выход
0000f9 efef      	LDI  R30,LOW(255)
0000fa bbe4      	OUT  0x14,R30
                 ;    DDRD|= ((1<<E)|(1<<RS));// разряды PORTD на выход
0000fb b3e1      	IN   R30,0x11
0000fc 6ce0      	ORI  R30,LOW(0xC0)
0000fd bbe1      	OUT  0x11,R30
                 ;    delay_ms (100); // задержка для установления
0000fe e6a4      	LDI  R26,LOW(100)
0000ff e0b0      	LDI  R27,0
000100 940e 0269 	CALL _delay_ms
                 ;                    // напряжения питания
                 ;    LCD_message(0x30,CMD); // \ вывод
000102 e3e0      	LDI  R30,LOW(48)
000103 940e 0237 	CALL SUBOPT_0x0
                 ;    LCD_message(0x30,CMD); //| трех
000105 e3e0      	LDI  R30,LOW(48)
000106 940e 0237 	CALL SUBOPT_0x0
                 ;    LCD_message(0x30,CMD); // / команд 0x30
000108 e3e0      	LDI  R30,LOW(48)
000109 940e 0237 	CALL SUBOPT_0x0
                 ;    LCD_message(0x38,CMD); //8 разр.шина, 2 строки, 5 ? 7 точек
00010b e3e8      	LDI  R30,LOW(56)
00010c 940e 0237 	CALL SUBOPT_0x0
                 ;    LCD_message(0x0E,CMD); // включить ЖКИ и курсор, без мерцания
00010e e0ee      	LDI  R30,LOW(14)
00010f 940e 0237 	CALL SUBOPT_0x0
                 ;    LCD_message(0x06,CMD); //инкремент курсора, без сдвига экрана
000111 e0e6      	LDI  R30,LOW(6)
000112 940e 0237 	CALL SUBOPT_0x0
                 ;    LCD_message(0x01,CMD); // очистить экран, курсор в начало
000114 e0e1      	LDI  R30,LOW(1)
000115 940e 0237 	CALL SUBOPT_0x0
                 ;}
000117 9508      	RET
                 ; .FEND
                 ;
                 ;//вывод строковой информации на дисплей
                 ;void LCD_string(unsigned char* str)
                 ;{
                 _LCD_string:
                 ; .FSTART _LCD_string
                 ;    while(*str != '\0')
000118 93ba      	ST   -Y,R27
000119 93aa      	ST   -Y,R26
                 ;	*str -> Y+0
                 _0xB:
00011a 81a8      	LD   R26,Y
00011b 81b9      	LDD  R27,Y+1
00011c 91ec      	LD   R30,X
00011d 30e0      	CPI  R30,0
00011e f041      	BREQ _0xD
                 ;    {
                 ;        LCD_message(Code(*str++),DATA);
00011f 91ed      	LD   R30,X+
000120 83a8      	ST   Y,R26
000121 83b9      	STD  Y+1,R27
000122 2fae      	MOV  R26,R30
000123 d025      	RCALL _Code
000124 940e 023c 	CALL SUBOPT_0x1
                 ;        //*str извлечение элемента по адресу в указателе str
                 ;        //str++ увеличение значение указателя на 1 (т.е. переход к следующему элементу массива)
                 ;    }
000126 cff3      	RJMP _0xB
                 _0xD:
                 ;}
000127 c071      	RJMP _0x2080005
                 ; .FEND
                 ;
                 ;unsigned char Digit (unsigned int d, unsigned char m)
                 ;{
                 _Digit:
                 ; .FSTART _Digit
                 ;    //[]-----------------------------------------------------[]
                 ;    //| Назначение: выделение цифр из разрядов пятиразрядного |
                 ;    //| десятичного положительного числа |
                 ;    //| Входные параметры: |
                 ;    //| d - целое десятичное положительное число |
                 ;    //| m - номер разряда (от 1 до 5, слева направо) |
                 ;    //| Функция возвращает значение цифры в разряде m числа d |
                 ;    //[]-----------------------------------------------------[]
                 ;    unsigned char i = 5, a;
                 ;    while(i)
000128 93aa      	ST   -Y,R26
000129 931a      	ST   -Y,R17
00012a 930a      	ST   -Y,R16
                 ;	d -> Y+3
                 ;	m -> Y+2
                 ;	i -> R17
                 ;	a -> R16
00012b e015      	LDI  R17,5
                 _0xE:
00012c 3010      	CPI  R17,0
00012d f0b1      	BREQ _0x10
                 ;    {
                 ;        a = d%10; //если d < 0 то a<0
00012e 81ab      	LDD  R26,Y+3
00012f 81bc      	LDD  R27,Y+3+1
000130 e0ea      	LDI  R30,LOW(10)
000131 e0f0      	LDI  R31,HIGH(10)
000132 940e 028f 	CALL __MODW21U
000134 2f0e      	MOV  R16,R30
                 ;        if(i-- == m) break;
000135 931f      	PUSH R17
000136 5011      	SUBI R17,1
000137 81ea      	LDD  R30,Y+2
000138 91af      	POP  R26
000139 17ea      	CP   R30,R26
00013a f049      	BREQ _0x10
                 ;        d /= 10;
00013b 81ab      	LDD  R26,Y+3
00013c 81bc      	LDD  R27,Y+3+1
00013d e0ea      	LDI  R30,LOW(10)
00013e e0f0      	LDI  R31,HIGH(10)
00013f 940e 0277 	CALL __DIVW21U
000141 83eb      	STD  Y+3,R30
000142 83fc      	STD  Y+3+1,R31
                 ;    }
000143 cfe8      	RJMP _0xE
                 _0x10:
                 ;    return(a);
000144 2fe0      	MOV  R30,R16
000145 8119      	LDD  R17,Y+1
000146 8108      	LDD  R16,Y+0
000147 9625      	ADIW R28,5
000148 9508      	RET
                 ;}
                 ; .FEND
                 ;
                 ;unsigned char Code(unsigned char symb)
                 ;{
                 _Code:
                 ; .FSTART _Code
                 ;    //[]------------------------------------------------[]
                 ;    //| Назначение: перекодировка символов кириллицы |
                 ;    //| Входные параметры: symb – символ ASCII |
                 ;    //| Функция возвращает код отображения символа |
                 ;    //[]------------------------------------------------[]
                 ;      unsigned char TabCon[] =
                 ;    {0x41,0xA0,0x42,0xA1,0xE0,0x45,0xA3,0xA4,0xA5,0xA6,0x4B, 0xA7,0x4D,0x48,0x4F,0xA8,0x50,0x43,0x54,0xA9,0xAA,0x58,
                 ;    0xE1,0xAB,0xAC,0xE2,0xAD,0xAE,0x62,0xAF,0xB0,0xB1,0x61,
                 ;    0xB2,0xB3,0xB4,0xE3,0x65,0xB6,0xB7,0xB8,0xB9,0xBA,0xBB,
                 ;    0xBC,0xBD,0x6F,0xBE,0x70,0x63,0xBF,0x79,0x5C,0x78,0xE5,
                 ;    0xC0,0xC1,0xE6,0xC2,0xC3,0xC4,0xC5,0xC6,0xC7};//коды символов в кириллице
                 ;    return (symb >= 192 ? TabCon[symb-192]: symb);
000149 93aa      	ST   -Y,R26
00014a 97ef      	SBIW R28,63
00014b 9721      	SBIW R28,1
00014c e480      	LDI  R24,64
00014d e0a0      	LDI  R26,LOW(0)
00014e e0b0      	LDI  R27,HIGH(0)
00014f e8ec      	LDI  R30,LOW(_0x12*2)
000150 e0f0      	LDI  R31,HIGH(_0x12*2)
000151 940e 02aa 	CALL __INITLOCB
                 ;	symb -> Y+64
                 ;	TabCon -> Y+0
                +
000153 01de     +MOVW R26 , R28
000154 5ca0     +SUBI R26 , LOW ( - 64 )
000155 4fbf     +SBCI R27 , HIGH ( - 64 )
000156 91ac     +LD R26 , X
                 	__GETB2SX 64
000157 3ca0      	CPI  R26,LOW(0xC0)
000158 f060      	BRLO _0x13
                +
000159 01fe     +MOVW R30 , R28
00015a 5ce0     +SUBI R30 , LOW ( - 64 )
00015b 4fff     +SBCI R31 , HIGH ( - 64 )
00015c 81e0     +LD R30 , Z
                 	__GETB1SX 64
00015d e0f0      	LDI  R31,0
00015e 5ce0      	SUBI R30,LOW(192)
00015f 40f0      	SBCI R31,HIGH(192)
000160 01de      	MOVW R26,R28
000161 0fae      	ADD  R26,R30
000162 1fbf      	ADC  R27,R31
000163 91ec      	LD   R30,X
000164 c004      	RJMP _0x14
                 _0x13:
                +
000165 01fe     +MOVW R30 , R28
000166 5ce0     +SUBI R30 , LOW ( - 64 )
000167 4fff     +SBCI R31 , HIGH ( - 64 )
000168 81e0     +LD R30 , Z
                 	__GETB1SX 64
                 _0x14:
000169 96ef      	ADIW R28,63
00016a 9622      	ADIW R28,2
00016b 9508      	RET
                 ;}
                 ; .FEND
                 ;
                 ;//очистить дисплей и установить курсор в нулевую позицию(адрес 0 )
                 ;void clear_display()
                 ;{
                 ;    LCD_message(1,CMD);
                 ;};
                 ;
                 ;//установить курсор в нулевую позицию, дисплей относительно буфера DDRAM в начальную позицию
                 ;void default_display()
                 ;{
                 ;    LCD_message(2,CMD);
                 ;};
                 ;
                 ;//установить направление сдвига курсора при записи кода в DDRAM
                 ;// и разрешить(запретить) сдвиг окна вместе с курсором
                 ;// ID = RIGHT
                 ;// ID = LEFT
                 ;// S = ON разрешить сдвиг окна вместе с курсором
                 ;// S = OFF запретить сдвиг окна вместе с курсором
                 ;void shift_direction(int ID,int S)
                 ;{
                 ;  LCD_message((1<<2)|(ID<<1)|S,CMD);
                 ;	ID -> Y+2
                 ;	S -> Y+0
                 ;}
                 ;
                 ;//Включить(выключить) индикатор,зажечь(погасить) курсор.Сделать курсор мигающим
                 ;// B = ON  курсор мигает
                 ;// B = OFF курсор не  мигает
                 ;// D = ON  включить индикатор
                 ;// D = OFF выключить индикатор
                 ;// C = ON  зажечь курсор
                 ;// C = OFF погасить курсор
                 ;void switch_display(int B,int D,int C)
                 ;{
                 ;    LCD_message((1<<3)|(D<<2)|(C<<1)|B,CMD);
                 ;	B -> Y+4
                 ;	D -> Y+2
                 ;	C -> Y+0
                 ;}
                 ;
                 ;//сдвиг курсора или дисплея вправо или влево
                 ;// choose = DISPLAY
                 ;// choose = CURSOR
                 ;// direction = RIGHT
                 ;// direction = LEFT
                 ;void shift(int choose,int direction)
                 ;{
                 ;    LCD_message((1<<4)|(choose<<3)|(direction<<2),CMD);
                 ;	choose -> Y+2
                 ;	direction -> Y+0
                 ;}
                 ;
                 ;//установить разрядность шины данных, количество строк, шрифт
                 ;//data_bus_width = EIGHT 8 бит
                 ;//data_bus_width = FOUR 4 бит
                 ;//line_number = ONE 1 строка
                 ;//line_number = TWO 2 строки
                 ;//font = LOWERCASE  строчные
                 ;////font = UPPERCASE  заглавные
                 ;void display_setting(int data_bus_width,int line_number,int font)
                 ;{
                 ;    LCD_message((1<<5)|(data_bus_width<<4)|(line_number<<3)|(font<<2),CMD);
                 ;	data_bus_width -> Y+4
                 ;	line_number -> Y+2
                 ;	font -> Y+0
                 ;}
                 ;
                 ;#define SDA 1
                 ;#define SCL 0
                 ;#define DDRX_I2C DDRG
                 ;#define HIGH(pin) (DDRX_I2C &= (~_BV(pin)))
                 ;#define LOW(pin) (DDRX_I2C |= _BV(pin))
                 ;#define PULSE 50 //us
                 ;
                 ;void I2C_Start(void){
                 _I2C_Start:
                 ; .FSTART _I2C_Start
                 ;     HIGH(SDA);
00016c 91e0 0064 	LDS  R30,100
00016e 7fed      	ANDI R30,0xFD
00016f 93e0 0064 	STS  100,R30
                 ;     HIGH(SCL);
000171 940e 0241 	CALL SUBOPT_0x2
                 ;     delay_us(PULSE);
                 ;     LOW(SDA);
000173 60e2      	ORI  R30,2
000174 c029      	RJMP _0x2080004
                 ;     delay_us(PULSE);
                 ;}
                 ; .FEND
                 ;
                 ;void I2C_SendByte(unsigned char data)
                 ;{           //время на передачу 1 бита 3*PULSE  1 байт 24*PULSE
                 _I2C_SendByte:
                 ; .FSTART _I2C_SendByte
                 ;    unsigned char i;
                 ;    LOW(SCL);
000175 93aa      	ST   -Y,R26
000176 931a      	ST   -Y,R17
                 ;	data -> Y+1
                 ;	i -> R17
000177 940e 024c 	CALL SUBOPT_0x3
                 ;    delay_us(PULSE);
                 ;    for(i=(1<<7);i>0;i=(i>>1))
000179 e810      	LDI  R17,LOW(128)
                 _0x17:
00017a 3011      	CPI  R17,1
00017b f098      	BRLO _0x18
                 ;    {
                 ;        if(data & i){HIGH(SDA);}else{LOW(SDA);}
00017c 2fe1      	MOV  R30,R17
00017d 81a9      	LDD  R26,Y+1
00017e 23ea      	AND  R30,R26
00017f f021      	BREQ _0x19
000180 91e0 0064 	LDS  R30,100
000182 7fed      	ANDI R30,0xFD
000183 c003      	RJMP _0x26
                 _0x19:
000184 91e0 0064 	LDS  R30,100
000186 60e2      	ORI  R30,2
                 _0x26:
000187 93e0 0064 	STS  100,R30
                 ;        delay_us(PULSE);
000189 940e 0255 	CALL SUBOPT_0x4
                 ;        HIGH(SCL);
                 ;        delay_us(PULSE);
                 ;        LOW(SCL);
00018b 940e 0259 	CALL SUBOPT_0x5
                 ;        delay_us(PULSE);
                 ;    }
00018d 9516      	LSR  R17
00018e cfeb      	RJMP _0x17
                 _0x18:
                 ;        LOW(SDA); //чтобы при подтверждении не произошла отправка стоп-состояния
00018f 91e0 0064 	LDS  R30,100
000191 60e2      	ORI  R30,2
000192 93e0 0064 	STS  100,R30
                 ;        delay_us(PULSE);  //ждем пока ACK бит ведомого станет 1
000194 940e 0255 	CALL SUBOPT_0x4
                 ;        //подтверждаем ACK бит
                 ;        HIGH(SCL);
                 ;        delay_us(PULSE);
                 ;        LOW(SCL);
000196 940e 0259 	CALL SUBOPT_0x5
                 ;        delay_us(PULSE);
                 ;}
000198 8118      	LDD  R17,Y+0
                 _0x2080005:
000199 9622      	ADIW R28,2
00019a 9508      	RET
                 ; .FEND
                 ;
                 ;void I2C_Stop(void) { HIGH(SCL); delay_us(PULSE); HIGH(SDA); delay_us(PULSE); }
                 _I2C_Stop:
                 ; .FSTART _I2C_Stop
00019b 940e 0241 	CALL SUBOPT_0x2
00019d 7fed      	ANDI R30,0xFD
                 _0x2080004:
00019e 93e0 0064 	STS  100,R30
                +
0001a0 eb88     +LDI R24 , LOW ( 184 )
                +__DELAY_USB_LOOP :
0001a1 958a     +DEC R24
0001a2 f7f1     +BRNE __DELAY_USB_LOOP
                 	__DELAY_USB 184
0001a3 9508      	RET
                 ; .FEND
                 ;
                 ;unsigned char I2C_ReadByte(unsigned char ack)
                 ;{
                 _I2C_ReadByte:
                 ; .FSTART _I2C_ReadByte
                 ;   unsigned char i,readbyte =  0;
                 ;   HIGH(SDA);
0001a4 93aa      	ST   -Y,R26
0001a5 931a      	ST   -Y,R17
0001a6 930a      	ST   -Y,R16
                 ;	ack -> Y+2
                 ;	i -> R17
                 ;	readbyte -> R16
0001a7 e000      	LDI  R16,0
0001a8 91e0 0064 	LDS  R30,100
0001aa 7fed      	ANDI R30,0xFD
0001ab 93e0 0064 	STS  100,R30
                 ;   for(i=(1<<7) ; i > 0 ; i = (i >>1))
0001ad e810      	LDI  R17,LOW(128)
                 _0x1C:
0001ae 3011      	CPI  R17,1
0001af f088      	BRLO _0x1D
                 ;   {
                 ;        HIGH(SCL);
0001b0 91e0 0064 	LDS  R30,100
0001b2 7fee      	ANDI R30,0xFE
0001b3 93e0 0064 	STS  100,R30
                 ;        delay_us(PULSE);
                +
0001b5 eb88     +LDI R24 , LOW ( 184 )
                +__DELAY_USB_LOOP :
0001b6 958a     +DEC R24
0001b7 f7f1     +BRNE __DELAY_USB_LOOP
                 	__DELAY_USB 184
                 ;        if(BIT_IS_SET(PING,SDA))
0001b8 91e0 0063 	LDS  R30,99
0001ba 70e2      	ANDI R30,LOW(0x2)
0001bb f009      	BREQ _0x1E
                 ;        readbyte |= i;
0001bc 2b01      	OR   R16,R17
                 ;        LOW(SCL);
                 _0x1E:
0001bd 940e 024c 	CALL SUBOPT_0x3
                 ;        delay_us(PULSE);
                 ;   }
0001bf 9516      	LSR  R17
0001c0 cfed      	RJMP _0x1C
                 _0x1D:
                 ;   if(ack){HIGH(SDA);}else{LOW(SDA);}  //ACK
0001c1 81ea      	LDD  R30,Y+2
0001c2 30e0      	CPI  R30,0
0001c3 f021      	BREQ _0x1F
0001c4 91e0 0064 	LDS  R30,100
0001c6 7fed      	ANDI R30,0xFD
0001c7 c003      	RJMP _0x27
                 _0x1F:
0001c8 91e0 0064 	LDS  R30,100
0001ca 60e2      	ORI  R30,2
                 _0x27:
0001cb 93e0 0064 	STS  100,R30
                 ;   delay_us(PULSE);
0001cd 940e 0255 	CALL SUBOPT_0x4
                 ;   HIGH(SCL);
                 ;   delay_us(PULSE);
                 ;   LOW(SCL);
0001cf 940e 0259 	CALL SUBOPT_0x5
                 ;   delay_us(PULSE);
                 ;   //для окончания приема
                 ;   LOW(SDA);
0001d1 91e0 0064 	LDS  R30,100
0001d3 60e2      	ORI  R30,2
0001d4 93e0 0064 	STS  100,R30
                 ;   delay_us(PULSE);
                +
0001d6 eb88     +LDI R24 , LOW ( 184 )
                +__DELAY_USB_LOOP :
0001d7 958a     +DEC R24
0001d8 f7f1     +BRNE __DELAY_USB_LOOP
                 	__DELAY_USB 184
                 ;   return readbyte;
0001d9 2fe0      	MOV  R30,R16
0001da c026      	RJMP _0x2080002
                 ;}
                 ; .FEND
                 ;
                 ;// Коды команд
                 ;#define START_CONVERT_T 0x51
                 ;#define READ_TEMPERATURE 0xAA
                 ;#define ACCESS_CONFIG 0xAC
                 ;// Биты регистра конфигурации
                 ;#define R1 3
                 ;#define R0 2
                 ;#define SHOT 0
                 ;#define W 0
                 ;#define R 1
                 ;
                 ;// Запуск измерения температуры
                 ;void startConvert(unsigned char address)
                 ; 0000 0018 {
                 _startConvert:
                 ; .FSTART _startConvert
                 ; 0000 0019 I2C_Start();
0001db 940e 0260 	CALL SUBOPT_0x6
                 ;	address -> Y+0
                 ; 0000 001A I2C_SendByte( 0b10010000 |(address<<1) | W);
                 ; 0000 001B I2C_SendByte(START_CONVERT_T);
0001dd e5a1      	LDI  R26,LOW(81)
0001de c02b      	RJMP _0x2080001
                 ; 0000 001C I2C_Stop();
                 ; 0000 001D }
                 ; .FEND
                 ;
                 ;// Функция чтения температуры с датчика
                 ;int readTemperature(unsigned char address)
                 ; 0000 0021 {
                 _readTemperature:
                 ; .FSTART _readTemperature
                 ; 0000 0022 int result;
                 ; 0000 0023 I2C_Start();
0001df 93aa      	ST   -Y,R26
0001e0 931a      	ST   -Y,R17
0001e1 930a      	ST   -Y,R16
                 ;	address -> Y+2
                 ;	result -> R16,R17
0001e2 df89      	RCALL _I2C_Start
                 ; 0000 0024 I2C_SendByte( 0b10010000 |(address<<1) | W);
0001e3 81ea      	LDD  R30,Y+2
0001e4 0fee      	LSL  R30
0001e5 69e0      	ORI  R30,LOW(0x90)
0001e6 2fae      	MOV  R26,R30
0001e7 df8d      	RCALL _I2C_SendByte
                 ; 0000 0025 I2C_SendByte(READ_TEMPERATURE);
0001e8 eaaa      	LDI  R26,LOW(170)
0001e9 df8b      	RCALL _I2C_SendByte
                 ; 0000 0026 I2C_Start();
0001ea df81      	RCALL _I2C_Start
                 ; 0000 0027 I2C_SendByte( 0b10010000 |(address<<1) | R);
0001eb 81ea      	LDD  R30,Y+2
0001ec 0fee      	LSL  R30
0001ed 69e1      	ORI  R30,LOW(0x91)
0001ee 2fae      	MOV  R26,R30
0001ef df85      	RCALL _I2C_SendByte
                 ; 0000 0028 result = I2C_ReadByte(0);
0001f0 e0a0      	LDI  R26,LOW(0)
0001f1 dfb2      	RCALL _I2C_ReadByte
0001f2 2f0e      	MOV  R16,R30
0001f3 2711      	CLR  R17
                 ; 0000 0029 result <<= 8;
0001f4 2f10      	MOV  R17,R16
0001f5 2700      	CLR  R16
                 ; 0000 002A result += I2C_ReadByte(1);
0001f6 e0a1      	LDI  R26,LOW(1)
0001f7 dfac      	RCALL _I2C_ReadByte
0001f8 e0f0      	LDI  R31,0
                +
0001f9 0f0e     +ADD R16 , R30
0001fa 1f1f     +ADC R17 , R31
                 	__ADDWRR 16,17,30,31
                 ; 0000 002B I2C_Stop();
0001fb df9f      	RCALL _I2C_Stop
                 ; 0000 002C return result/256;
0001fc 01d8      	MOVW R26,R16
0001fd e0e0      	LDI  R30,LOW(256)
0001fe e0f1      	LDI  R31,HIGH(256)
0001ff 940e 028a 	CALL __DIVW21
                 _0x2080002:
000201 8119      	LDD  R17,Y+1
000202 8108      	LDD  R16,Y+0
                 _0x2080003:
000203 9623      	ADIW R28,3
000204 9508      	RET
                 ; 0000 002D }
                 ; .FEND
                 ;
                 ;// Настройка датчика температуры на одиночное
                 ;// измерение и 9-и битный результат
                 ;void setDs1631(unsigned char address)
                 ; 0000 0032 {
                 _setDs1631:
                 ; .FSTART _setDs1631
                 ; 0000 0033 I2C_Start();
000205 940e 0260 	CALL SUBOPT_0x6
                 ;	address -> Y+0
                 ; 0000 0034 I2C_SendByte(  0b10010000 |(address<<1) | W);  //
                 ; 0000 0035 I2C_SendByte(ACCESS_CONFIG);
000207 eaac      	LDI  R26,LOW(172)
000208 df6c      	RCALL _I2C_SendByte
                 ; 0000 0036 I2C_SendByte(_BV(SHOT));
000209 e0a1      	LDI  R26,LOW(1)
                 _0x2080001:
00020a df6a      	RCALL _I2C_SendByte
                 ; 0000 0037 I2C_Stop();
00020b df8f      	RCALL _I2C_Stop
                 ; 0000 0038 }
00020c 9621      	ADIW R28,1
00020d 9508      	RET
                 ; .FEND
                 ;
                 ;void main(void)
                 ; 0000 003B {
                 _main:
                 ; .FSTART _main
                 ; 0000 003C     LCD_init();
00020e deea      	RCALL _LCD_init
                 ; 0000 003D     LCD_string("temp(0) = ");
                +
00020f e0a0     +LDI R26 , LOW ( _0x21 + ( 0 ) )
000210 e0b5     +LDI R27 , HIGH ( _0x21 + ( 0 ) )
                 	__POINTW2MN _0x21,0
000211 df06      	RCALL _LCD_string
                 ; 0000 003E     LCD_pos(0,1);
000212 e0e0      	LDI  R30,LOW(0)
000213 93ea      	ST   -Y,R30
000214 e0a1      	LDI  R26,LOW(1)
000215 de9b      	RCALL _LCD_pos
                 ; 0000 003F     LCD_string("temp(7) = ");
                +
000216 e0ab     +LDI R26 , LOW ( _0x21 + ( 11 ) )
000217 e0b5     +LDI R27 , HIGH ( _0x21 + ( 11 ) )
                 	__POINTW2MN _0x21,11
000218 deff      	RCALL _LCD_string
                 ; 0000 0040     while(1)
                 _0x22:
                 ; 0000 0041     {
                 ; 0000 0042         setDs1631(0);
000219 e0a0      	LDI  R26,LOW(0)
00021a dfea      	RCALL _setDs1631
                 ; 0000 0043         startConvert(0);
00021b e0a0      	LDI  R26,LOW(0)
00021c dfbe      	RCALL _startConvert
                 ; 0000 0044         LCD_pos(10,0);
00021d e0ea      	LDI  R30,LOW(10)
00021e 93ea      	ST   -Y,R30
00021f e0a0      	LDI  R26,LOW(0)
000220 de90      	RCALL _LCD_pos
                 ; 0000 0045         LCD_uint(readTemperature(0));
000221 e0a0      	LDI  R26,LOW(0)
000222 dfbc      	RCALL _readTemperature
000223 01df      	MOVW R26,R30
000224 de97      	RCALL _LCD_uint
                 ; 0000 0046         setDs1631(7);
000225 e0a7      	LDI  R26,LOW(7)
000226 dfde      	RCALL _setDs1631
                 ; 0000 0047         startConvert(7);
000227 e0a7      	LDI  R26,LOW(7)
000228 dfb2      	RCALL _startConvert
                 ; 0000 0048         LCD_pos(10,1);
000229 e0ea      	LDI  R30,LOW(10)
00022a 93ea      	ST   -Y,R30
00022b e0a1      	LDI  R26,LOW(1)
00022c de84      	RCALL _LCD_pos
                 ; 0000 0049         LCD_uint(readTemperature(7));
00022d e0a7      	LDI  R26,LOW(7)
00022e dfb0      	RCALL _readTemperature
00022f 01df      	MOVW R26,R30
000230 de8b      	RCALL _LCD_uint
                 ; 0000 004A         delay_ms(200);
000231 eca8      	LDI  R26,LOW(200)
000232 e0b0      	LDI  R27,0
000233 940e 0269 	CALL _delay_ms
                 ; 0000 004B     }
000235 cfe3      	RJMP _0x22
                 ; 0000 004C }
                 _0x25:
000236 cfff      	RJMP _0x25
                 ; .FEND
                 
                 	.DSEG
                 _0x21:
000500           	.BYTE 0x16
                 ;
                 
                 	.CSEG
                 
                 	.DSEG
                 
                 	.CSEG
                 
                 	.CSEG
                 
                 	.CSEG
                 
                 	.CSEG
                 
                 	.DSEG
                 __seed_G100:
000516           	.BYTE 0x4
                 
                 	.CSEG
                 ;OPTIMIZER ADDED SUBROUTINE, CALLED 8 TIMES, CODE SIZE REDUCTION:18 WORDS
                 SUBOPT_0x0:
000237 93ea      	ST   -Y,R30
000238 e0a1      	LDI  R26,LOW(1)
000239 e0b0      	LDI  R27,0
00023a 940c 00e4 	JMP  _LCD_message
                 
                 ;OPTIMIZER ADDED SUBROUTINE, CALLED 3 TIMES, CODE SIZE REDUCTION:3 WORDS
                 SUBOPT_0x1:
00023c 93ea      	ST   -Y,R30
00023d e0a0      	LDI  R26,LOW(0)
00023e e0b0      	LDI  R27,0
00023f 940c 00e4 	JMP  _LCD_message
                 
                 ;OPTIMIZER ADDED SUBROUTINE, CALLED 5 TIMES, CODE SIZE REDUCTION:29 WORDS
                 SUBOPT_0x2:
000241 91e0 0064 	LDS  R30,100
000243 7fee      	ANDI R30,0xFE
000244 93e0 0064 	STS  100,R30
                +
000246 eb88     +LDI R24 , LOW ( 184 )
                +__DELAY_USB_LOOP :
000247 958a     +DEC R24
000248 f7f1     +BRNE __DELAY_USB_LOOP
                 	__DELAY_USB 184
000249 91e0 0064 	LDS  R30,100
00024b 9508      	RET
                 
                 ;OPTIMIZER ADDED SUBROUTINE, CALLED 2 TIMES, CODE SIZE REDUCTION:3 WORDS
                 SUBOPT_0x3:
00024c 91e0 0064 	LDS  R30,100
00024e 60e1      	ORI  R30,1
00024f 93e0 0064 	STS  100,R30
                +
000251 eb88     +LDI R24 , LOW ( 184 )
                +__DELAY_USB_LOOP :
000252 958a     +DEC R24
000253 f7f1     +BRNE __DELAY_USB_LOOP
                 	__DELAY_USB 184
000254 9508      	RET
                 
                 ;OPTIMIZER ADDED SUBROUTINE, CALLED 3 TIMES, CODE SIZE REDUCTION:3 WORDS
                 SUBOPT_0x4:
                +
000255 eb88     +LDI R24 , LOW ( 184 )
                +__DELAY_USB_LOOP :
000256 958a     +DEC R24
000257 f7f1     +BRNE __DELAY_USB_LOOP
                 	__DELAY_USB 184
000258 cfe8      	RJMP SUBOPT_0x2
                 
                 ;OPTIMIZER ADDED SUBROUTINE, CALLED 3 TIMES, CODE SIZE REDUCTION:5 WORDS
                 SUBOPT_0x5:
000259 60e1      	ORI  R30,1
00025a 93e0 0064 	STS  100,R30
                +
00025c eb88     +LDI R24 , LOW ( 184 )
                +__DELAY_USB_LOOP :
00025d 958a     +DEC R24
00025e f7f1     +BRNE __DELAY_USB_LOOP
                 	__DELAY_USB 184
00025f 9508      	RET
                 
                 ;OPTIMIZER ADDED SUBROUTINE, CALLED 2 TIMES, CODE SIZE REDUCTION:4 WORDS
                 SUBOPT_0x6:
000260 93aa      	ST   -Y,R26
000261 940e 016c 	CALL _I2C_Start
000263 81e8      	LD   R30,Y
000264 0fee      	LSL  R30
000265 69e0      	ORI  R30,LOW(0x90)
000266 2fae      	MOV  R26,R30
000267 940c 0175 	JMP  _I2C_SendByte
                 
                 
                 	.CSEG
                 _delay_ms:
000269 9610      	adiw r26,0
00026a f039      	breq __delay_ms1
                 __delay_ms0:
                +
00026b ec8b     +LDI R24 , LOW ( 0xACB )
00026c e09a     +LDI R25 , HIGH ( 0xACB )
                +__DELAY_USW_LOOP :
00026d 9701     +SBIW R24 , 1
00026e f7f1     +BRNE __DELAY_USW_LOOP
                 	__DELAY_USW 0xACB
00026f 95a8      	wdr
000270 9711      	sbiw r26,1
000271 f7c9      	brne __delay_ms0
                 __delay_ms1:
000272 9508      	ret
                 
                 __ANEGW1:
000273 95f1      	NEG  R31
000274 95e1      	NEG  R30
000275 40f0      	SBCI R31,0
000276 9508      	RET
                 
                 __DIVW21U:
000277 2400      	CLR  R0
000278 2411      	CLR  R1
000279 e190      	LDI  R25,16
                 __DIVW21U1:
00027a 0faa      	LSL  R26
00027b 1fbb      	ROL  R27
00027c 1c00      	ROL  R0
00027d 1c11      	ROL  R1
00027e 1a0e      	SUB  R0,R30
00027f 0a1f      	SBC  R1,R31
000280 f418      	BRCC __DIVW21U2
000281 0e0e      	ADD  R0,R30
000282 1e1f      	ADC  R1,R31
000283 c001      	RJMP __DIVW21U3
                 __DIVW21U2:
000284 60a1      	SBR  R26,1
                 __DIVW21U3:
000285 959a      	DEC  R25
000286 f799      	BRNE __DIVW21U1
000287 01fd      	MOVW R30,R26
000288 01d0      	MOVW R26,R0
000289 9508      	RET
                 
                 __DIVW21:
00028a d007      	RCALL __CHKSIGNW
00028b dfeb      	RCALL __DIVW21U
00028c f40e      	BRTC __DIVW211
00028d dfe5      	RCALL __ANEGW1
                 __DIVW211:
00028e 9508      	RET
                 
                 __MODW21U:
00028f dfe7      	RCALL __DIVW21U
000290 01fd      	MOVW R30,R26
000291 9508      	RET
                 
                 __CHKSIGNW:
000292 94e8      	CLT
000293 fff7      	SBRS R31,7
000294 c002      	RJMP __CHKSW1
000295 dfdd      	RCALL __ANEGW1
000296 9468      	SET
                 __CHKSW1:
000297 ffb7      	SBRS R27,7
000298 c006      	RJMP __CHKSW2
000299 95a0      	COM  R26
00029a 95b0      	COM  R27
00029b 9611      	ADIW R26,1
00029c f800      	BLD  R0,0
00029d 9403      	INC  R0
00029e fa00      	BST  R0,0
                 __CHKSW2:
00029f 9508      	RET
                 
                 __SAVELOCR4:
0002a0 933a      	ST   -Y,R19
                 __SAVELOCR3:
0002a1 932a      	ST   -Y,R18
                 __SAVELOCR2:
0002a2 931a      	ST   -Y,R17
0002a3 930a      	ST   -Y,R16
0002a4 9508      	RET
                 
                 __LOADLOCR4:
0002a5 813b      	LDD  R19,Y+3
                 __LOADLOCR3:
0002a6 812a      	LDD  R18,Y+2
                 __LOADLOCR2:
0002a7 8119      	LDD  R17,Y+1
0002a8 8108      	LD   R16,Y
0002a9 9508      	RET
                 
                 __INITLOCB:
                 __INITLOCW:
0002aa 0fac      	ADD  R26,R28
0002ab 1fbd      	ADC  R27,R29
                 __INITLOC0:
0002ac 9005      	LPM  R0,Z+
0002ad 920d      	ST   X+,R0
0002ae 958a      	DEC  R24
0002af f7e1      	BRNE __INITLOC0
0002b0 9508      	RET
                 
                 ;END OF CODE MARKER
                 __END_OF_CODE:


RESOURCE USE INFORMATION
------------------------

Notice:
The register and instruction counts are symbol table hit counts,
and hence implicitly used resources are not counted, eg, the
'lpm' instruction without operands implicitly uses r0 and z,
none of which are counted.

x,y,z are separate entities in the symbol table and are
counted separately from r26..r31 here.

.dseg memory usage only counts static data declared with .byte

ATmega128A register use summary:
r0 :  15 r1 :   5 r2 :   0 r3 :   0 r4 :   0 r5 :   0 r6 :   0 r7 :   0 
r8 :   0 r9 :   0 r10:   0 r11:   0 r12:   0 r13:   0 r14:   0 r15:   0 
r16:  21 r17:  27 r18:   5 r19:   5 r20:   0 r21:   0 r22:   2 r23:   0 
r24:  28 r25:   5 r26:  74 r27:  24 r28:  15 r29:   2 r30: 138 r31:  23 
x  :   8 y  :  64 z  :  10 
Registers used: 18 out of 35 (51.4%)

ATmega128A instruction use summary:
.lds  :   0 .lds.l:   0 .sts  :   0 .sts.l:   0 adc   :   4 add   :   5 
adiw  :   9 and   :   1 andi  :   8 asr   :   0 bclr  :   0 bld   :   1 
brbc  :   0 brbs  :   0 brcc  :   1 brcs  :   0 break :   0 breq  :  10 
brge  :   1 brhc  :   0 brhs  :   0 brid  :   0 brie  :   0 brlo  :   3 
brlt  :   0 brmi  :   0 brne  :  16 brpl  :   1 brsh  :   0 brtc  :   1 
brts  :   0 brvc  :   0 brvs  :   0 bset  :   0 bst   :   1 call  :  33 
cbi   :   2 cbr   :   0 clc   :   0 clh   :   0 cli   :   1 cln   :   0 
clr   :   6 cls   :   0 clt   :   1 clv   :   0 clz   :   0 com   :   2 
cp    :   1 cpc   :   1 cpi   :   9 cpse  :   0 dec   :  11 des   :   0 
elpm  :   0 eor   :   0 fmul  :   0 fmuls :   0 fmulsu:   0 icall :   0 
ijmp  :   0 in    :   1 inc   :   1 jmp   :  39 ld    :  11 ldd   :  24 
ldi   :  88 lds   :  13 lpm   :   8 lsl   :   4 lsr   :   2 mov   :  13 
movw  :  14 mul   :   0 muls  :   1 mulsu :   0 neg   :   2 nop   :   0 
or    :   1 ori   :  12 out   :   9 pop   :   1 push  :   1 rcall :  32 
ret   :  20 reti  :   0 rjmp  :  22 rol   :   3 ror   :   0 sbc   :   1 
sbci  :   6 sbi   :   2 sbic  :   0 sbis  :   0 sbiw  :   8 sbr   :   1 
sbrc  :   0 sbrs  :   2 sec   :   0 seh   :   0 sei   :   0 sen   :   0 
ser   :   0 ses   :   0 set   :   1 sev   :   0 sez   :   0 sleep :   0 
spm   :   0 st    :  36 std   :   3 sts   :  12 sub   :   1 subi  :   7 
swap  :   0 tst   :   1 wdr   :   1 
Instructions used: 61 out of 117 (52.1%)

ATmega128A memory use summary [bytes]:
Segment   Begin    End      Code   Data   Used    Size   Use%
---------------------------------------------------------------
[.cseg] 0x000000 0x000562   1260    118   1378  131072   1.1%
[.dseg] 0x000100 0x00051a      0     26     26    4096   0.6%
[.eseg] 0x000000 0x000000      0      0      0    4096   0.0%

Assembly complete, 0 errors, 2 warnings
